2024-05-22 00:44:33,191 [ERROR] WebApp:363 - JxBrowser engine crashed! Exit code: 1073807364
2024-05-22 15:19:41,910 [INFO] Activator:176 - 


2024-05-22 15:19:41,912 [INFO] Activator:177 - !SESSION log4j initialized
2024-05-22 15:19:51,309 [INFO] LogOutputStream:77 - [STDOUT_REDIRECT] 
2024-05-22 15:19:56,000 [INFO] ApplicationProperties:184 - Using Application install path: C:\ST\STM32CubeIDE_1.13.2\STM32CubeIDE\plugins\com.st.stm32cube.common.mx_6.11.1.202404110753
2024-05-22 15:19:56,038 [INFO] DbMcusXml:78 - Set database path to: C:\ST\STM32CubeIDE_1.13.2\STM32CubeIDE\plugins\com.st.stm32cube.common.mx_6.11.1.202404110753\\db\/mcu/
2024-05-22 15:19:56,039 [INFO] ApiDb:274 - Set plugin database path to: C:\ST\STM32CubeIDE_1.13.2\STM32CubeIDE\plugins\com.st.stm32cube.common.mx_6.11.1.202404110753\\db\/plugins/boardmanager/
2024-05-22 15:19:56,039 [WARN] ApiDb:259 - Overriding images path with different value:  => C:\ST\STM32CubeIDE_1.13.2\STM32CubeIDE\plugins\com.st.stm32cube.common.mx_6.11.1.202404110753\\db\/plugins/mcufinder/images/
2024-05-22 15:19:56,053 [INFO] ApiDb:250 - Set database path to: C:\Users\ppreawsr\.stmcufinder\plugins\mcufinder//mcu/
2024-05-22 15:19:56,055 [INFO] DbMcusAds:125 - Set database path to: C:\Users\ppreawsr\.stmcufinder\plugins\mcufinder//mcu/
2024-05-22 15:19:56,059 [INFO] CrossReferenceDbSqlite:203 - Set database path to: C:\Users\ppreawsr\.stmcufinder\plugins\mcufinder//mcu/cs/
2024-05-22 15:19:56,239 [INFO] RulesReader:64 - Compatibility file has been processed (297 Rules)
2024-05-22 15:19:56,360 [INFO] DbMcusXml:78 - Set database path to: C:\ST\STM32CubeIDE_1.13.2\STM32CubeIDE\plugins\com.st.stm32cube.common.mx_6.11.1.202404110753\\db\/mcu/
2024-05-22 15:19:56,360 [INFO] ApiDb:274 - Set plugin database path to: C:\ST\STM32CubeIDE_1.13.2\STM32CubeIDE\plugins\com.st.stm32cube.common.mx_6.11.1.202404110753\\db\/plugins/boardmanager/
2024-05-22 15:19:56,360 [INFO] ApiDb:261 - Set plugin images path to: C:\ST\STM32CubeIDE_1.13.2\STM32CubeIDE\plugins\com.st.stm32cube.common.mx_6.11.1.202404110753\\db\/plugins/mcufinder/images/
2024-05-22 15:19:56,361 [WARN] DbFile:41 - Overriding database path with different value: C:\Users\ppreawsr\.stmcufinder\plugins\mcufinder/ => C:\Users\ppreawsr\.stmcufinder\plugins\mcufinder
2024-05-22 15:19:56,361 [INFO] ApiDb:250 - Set database path to: C:\Users\ppreawsr\.stmcufinder\plugins\mcufinder//mcu/
2024-05-22 15:19:56,361 [WARN] DbFile:41 - Overriding database path with different value: C:\Users\ppreawsr\.stmcufinder\plugins\mcufinder/ => C:\Users\ppreawsr\.stmcufinder\plugins\mcufinder
2024-05-22 15:19:56,361 [INFO] DbMcusAds:125 - Set database path to: C:\Users\ppreawsr\.stmcufinder\plugins\mcufinder//mcu/
2024-05-22 15:19:56,361 [WARN] DbFile:41 - Overriding database path with different value: C:\Users\ppreawsr\.stmcufinder\plugins\mcufinder/ => C:\Users\ppreawsr\.stmcufinder\plugins\mcufinder
2024-05-22 15:19:56,361 [WARN] DbFile:41 - Overriding database path with different value: C:\Users\ppreawsr\.stmcufinder\plugins\mcufinder/ => C:\Users\ppreawsr\.stmcufinder\plugins\mcufinder
2024-05-22 15:19:56,362 [INFO] CrossReferenceDbSqlite:203 - Set database path to: C:\Users\ppreawsr\.stmcufinder\plugins\mcufinder//mcu/cs/
2024-05-22 15:19:56,469 [INFO] MainPanel:264 - HeapMemory: 268435456
2024-05-22 15:19:56,600 [INFO] DbMcusXml:78 - Set database path to: C:\ST\STM32CubeIDE_1.13.2\STM32CubeIDE\plugins\com.st.stm32cube.common.mx_6.11.1.202404110753\\db\/mcu/
2024-05-22 15:19:56,600 [INFO] ApiDb:274 - Set plugin database path to: C:\ST\STM32CubeIDE_1.13.2\STM32CubeIDE\plugins\com.st.stm32cube.common.mx_6.11.1.202404110753\\db\/plugins/boardmanager/
2024-05-22 15:19:56,600 [INFO] ApiDb:261 - Set plugin images path to: C:\ST\STM32CubeIDE_1.13.2\STM32CubeIDE\plugins\com.st.stm32cube.common.mx_6.11.1.202404110753\\db\/plugins/mcufinder/images/
2024-05-22 15:19:56,601 [WARN] DbFile:41 - Overriding database path with different value: C:\Users\ppreawsr\.stmcufinder\plugins\mcufinder/ => C:\Users\ppreawsr\.stmcufinder\plugins\mcufinder
2024-05-22 15:19:56,601 [INFO] ApiDb:250 - Set database path to: C:\Users\ppreawsr\.stmcufinder\plugins\mcufinder//mcu/
2024-05-22 15:19:56,601 [WARN] DbFile:41 - Overriding database path with different value: C:\Users\ppreawsr\.stmcufinder\plugins\mcufinder/ => C:\Users\ppreawsr\.stmcufinder\plugins\mcufinder
2024-05-22 15:19:56,601 [INFO] DbMcusAds:125 - Set database path to: C:\Users\ppreawsr\.stmcufinder\plugins\mcufinder//mcu/
2024-05-22 15:19:56,601 [WARN] DbFile:41 - Overriding database path with different value: C:\Users\ppreawsr\.stmcufinder\plugins\mcufinder/ => C:\Users\ppreawsr\.stmcufinder\plugins\mcufinder
2024-05-22 15:19:56,602 [WARN] DbFile:41 - Overriding database path with different value: C:\Users\ppreawsr\.stmcufinder\plugins\mcufinder/ => C:\Users\ppreawsr\.stmcufinder\plugins\mcufinder
2024-05-22 15:19:56,602 [INFO] CrossReferenceDbSqlite:203 - Set database path to: C:\Users\ppreawsr\.stmcufinder\plugins\mcufinder//mcu/cs/
2024-05-22 15:19:56,625 [INFO] ApplicationProperties:184 - Using Application install path: C:\ST\STM32CubeIDE_1.13.2\STM32CubeIDE\plugins\com.st.stm32cube.common.mx_6.11.1.202404110753
2024-05-22 15:19:56,627 [INFO] PluginManage:196 - Search for loadable plugins [exclusion list=, ]
2024-05-22 15:19:56,628 [INFO] PluginManage:310 - Check plugin analytics
2024-05-22 15:19:56,899 [INFO] AnalyticsPlugin:253 - Accepted Software Licenses: 
2024-05-22 15:19:56,899 [INFO] AnalyticsPlugin:255 - Accepted CMSIS Pack Licenses: ARM.CMSIS-DSP.1.15.0,ARM.CMSIS.6.0.0,ITTIA_DB.I-CUBE-ITTIADB.8.8.0
2024-05-22 15:19:56,900 [INFO] AnalyticsPlugin:257 - Accepted Firmware Licenses: FW.G4.1.5.0
2024-05-22 15:19:56,905 [INFO] PluginManage:359 - Loaded plugin analytics (category:tool,tabindex:-1)
2024-05-22 15:19:56,906 [INFO] PluginManage:310 - Check plugin cadmodel
2024-05-22 15:19:56,936 [INFO] CADModel:105 - Init CAD model plugin
2024-05-22 15:19:56,937 [INFO] PluginManage:359 - Loaded plugin cadmodel (category:power,tabindex:5)
2024-05-22 15:19:56,937 [INFO] PluginManage:310 - Check plugin clock
2024-05-22 15:19:56,979 [INFO] PluginManage:359 - Loaded plugin clock (category:base,tabindex:2)
2024-05-22 15:19:56,979 [INFO] PluginManage:310 - Check plugin ddr
2024-05-22 15:19:56,983 [INFO] PluginManage:359 - Loaded plugin ddr (category:tool,tabindex:6)
2024-05-22 15:19:56,983 [INFO] PluginManage:310 - Check plugin filemanager
2024-05-22 15:19:57,417 [INFO] PluginManage:359 - Loaded plugin filemanager (category:base,tabindex:10)
2024-05-22 15:19:57,418 [INFO] PluginManage:310 - Check plugin ipmanager
2024-05-22 15:19:57,439 [INFO] PluginManage:359 - Loaded plugin ipmanager (category:base,tabindex:5)
2024-05-22 15:19:57,440 [INFO] PluginManage:310 - Check plugin lpbam
2024-05-22 15:19:57,489 [INFO] PluginManage:359 - Loaded plugin lpbam (category:base,tabindex:0)
2024-05-22 15:19:57,490 [INFO] PluginManage:310 - Check plugin memorymap
2024-05-22 15:19:57,551 [INFO] PluginManage:359 - Loaded plugin memorymap (category:base,tabindex:4)
2024-05-22 15:19:57,552 [INFO] PluginManage:310 - Check plugin pinoutandconfiguration
2024-05-22 15:19:57,587 [INFO] PluginManage:359 - Loaded plugin pinoutandconfiguration (category:base,tabindex:1)
2024-05-22 15:19:57,588 [INFO] PluginManage:310 - Check plugin pinoutconfig
2024-05-22 15:19:57,880 [WARN] SupportedApi:132 - Cannot load RTOS API schema: s4s-elt-must-match.1: The content of 'definitions' must match (annotation?, (simpleType | complexType)?, (unique | key | keyref)*)). A problem was found starting at: attribute.
2024-05-22 15:19:58,324 [INFO] PluginManage:359 - Loaded plugin pinoutconfig (category:base,tabindex:0)
2024-05-22 15:19:58,325 [INFO] PluginManage:310 - Check plugin power
2024-05-22 15:19:58,379 [INFO] PluginManage:359 - Loaded plugin power (category:power,tabindex:4)
2024-05-22 15:19:58,379 [INFO] PluginManage:310 - Check plugin projectmanager
2024-05-22 15:19:58,425 [INFO] PluginManage:359 - Loaded plugin projectmanager (category:projectmanager,tabindex:3)
2024-05-22 15:19:58,426 [INFO] PluginManage:310 - Check plugin thirdparty
2024-05-22 15:19:59,144 [INFO] PluginManage:359 - Loaded plugin thirdparty (category:base,tabindex:-1)
2024-05-22 15:19:59,145 [INFO] PluginManage:310 - Check plugin tools
2024-05-22 15:19:59,144 [WARN] IntegrityCheckThread:84 - waiting for thirdparty lock release [integrity check]
2024-05-22 15:19:59,145 [INFO] IntegrityCheckThread:86 - entering critical section [integrity check]
2024-05-22 15:19:59,146 [INFO] ThirdPartyUpdaterWithRetryManager:70 - Updater plugin not ready yet. [1/15]
2024-05-22 15:19:59,249 [INFO] PluginManage:359 - Loaded plugin tools (category:base,tabindex:7)
2024-05-22 15:19:59,249 [INFO] PluginManage:310 - Check plugin tutovideos
2024-05-22 15:19:59,836 [INFO] PluginManage:359 - Loaded plugin tutovideos (category:base,tabindex:-1)
2024-05-22 15:19:59,837 [INFO] PluginManage:310 - Check plugin updater
2024-05-22 15:19:59,869 [INFO] PluginManage:359 - Loaded plugin updater (category:base,tabindex:12)
2024-05-22 15:19:59,869 [INFO] PluginManage:310 - Check plugin userauth
2024-05-22 15:19:59,888 [INFO] UserAuth:114 - Init User Auth plugin
2024-05-22 15:19:59,888 [INFO] PluginManage:359 - Loaded plugin userauth (category:base,tabindex:14)
2024-05-22 15:19:59,890 [INFO] PluginManage:283 - PluginManage : Loaded plugins [17]
2024-05-22 15:20:00,542 [INFO] PinOutPanel:1561 - setPackage(No Configuration,No Configuration)
2024-05-22 15:20:00,772 [INFO] CADModel:165 - CPN selected for project level
2024-05-22 15:20:00,773 [INFO] CADModel:114 - Register for checkConnection events
2024-05-22 15:20:00,835 [INFO] IPUIPlugin:80 - create IPUIPlugin
2024-05-22 15:20:00,836 [INFO] PluginManager:220 - loadIPPluginJar : add adc
2024-05-22 15:20:00,960 [INFO] IPUIPlugin:80 - create IPUIPlugin
2024-05-22 15:20:00,960 [INFO] PluginManager:220 - loadIPPluginJar : add aes
2024-05-22 15:20:01,018 [INFO] IPUIPlugin:80 - create IPUIPlugin
2024-05-22 15:20:01,018 [INFO] PluginManager:220 - loadIPPluginJar : add can
2024-05-22 15:20:01,075 [INFO] IPUIPlugin:80 - create IPUIPlugin
2024-05-22 15:20:01,075 [INFO] PluginManager:220 - loadIPPluginJar : add comp
2024-05-22 15:20:01,174 [INFO] IPUIPlugin:80 - create IPUIPlugin
2024-05-22 15:20:01,175 [INFO] PluginManager:220 - loadIPPluginJar : add cryp
2024-05-22 15:20:01,296 [INFO] IPUIPlugin:80 - create IPUIPlugin
2024-05-22 15:20:01,296 [INFO] PluginManager:220 - loadIPPluginJar : add dfsdm
2024-05-22 15:20:01,328 [INFO] IPUIPlugin:80 - create IPUIPlugin
2024-05-22 15:20:01,330 [INFO] PluginManager:220 - loadIPPluginJar : add dma
2024-05-22 15:20:01,484 [INFO] IPUIPlugin:80 - create IPUIPlugin
2024-05-22 15:20:01,484 [INFO] PluginManager:220 - loadIPPluginJar : add dma3
2024-05-22 15:20:01,655 [INFO] IPUIPlugin:80 - create IPUIPlugin
2024-05-22 15:20:01,656 [INFO] PluginManager:220 - loadIPPluginJar : add extmemmanager
2024-05-22 15:20:01,718 [INFO] IPUIPlugin:80 - create IPUIPlugin
2024-05-22 15:20:01,719 [INFO] PluginManager:220 - loadIPPluginJar : add fatfs
2024-05-22 15:20:01,884 [INFO] IPUIPlugin:80 - create IPUIPlugin
2024-05-22 15:20:01,885 [INFO] PluginManager:220 - loadIPPluginJar : add fmc
2024-05-22 15:20:01,935 [INFO] IPUIPlugin:80 - create IPUIPlugin
2024-05-22 15:20:01,936 [INFO] PluginManager:220 - loadIPPluginJar : add freertos
2024-05-22 15:20:01,980 [INFO] IPUIPlugin:80 - create IPUIPlugin
2024-05-22 15:20:01,980 [INFO] PluginManager:220 - loadIPPluginJar : add genericplugin
2024-05-22 15:20:02,147 [INFO] ThirdPartyUpdaterWithRetryManager:70 - Updater plugin not ready yet. [2/15]
2024-05-22 15:20:02,295 [INFO] IPUIPlugin:80 - create IPUIPlugin
2024-05-22 15:20:02,296 [INFO] PluginManager:220 - loadIPPluginJar : add gfxmmu
2024-05-22 15:20:02,745 [INFO] IPUIPlugin:80 - create IPUIPlugin
2024-05-22 15:20:02,745 [INFO] PluginManager:220 - loadIPPluginJar : add gic
2024-05-22 15:20:02,787 [INFO] IPUIPlugin:80 - create IPUIPlugin
2024-05-22 15:20:02,788 [INFO] PluginManager:220 - loadIPPluginJar : add gpio
2024-05-22 15:20:03,048 [INFO] IPUIPlugin:80 - create IPUIPlugin
2024-05-22 15:20:03,049 [INFO] PluginManager:220 - loadIPPluginJar : add gtzc
2024-05-22 15:20:03,164 [INFO] IPUIPlugin:80 - create IPUIPlugin
2024-05-22 15:20:03,165 [INFO] PluginManager:220 - loadIPPluginJar : add hash
2024-05-22 15:20:03,341 [INFO] IPUIPlugin:80 - create IPUIPlugin
2024-05-22 15:20:03,342 [INFO] PluginManager:220 - loadIPPluginJar : add i2c
2024-05-22 15:20:03,485 [INFO] IPUIPlugin:80 - create IPUIPlugin
2024-05-22 15:20:03,486 [INFO] PluginManager:220 - loadIPPluginJar : add i2s
2024-05-22 15:20:03,632 [INFO] IPUIPlugin:80 - create IPUIPlugin
2024-05-22 15:20:03,633 [INFO] PluginManager:220 - loadIPPluginJar : add i3c
2024-05-22 15:20:04,011 [INFO] IPUIPlugin:80 - create IPUIPlugin
2024-05-22 15:20:04,012 [INFO] PluginManager:220 - loadIPPluginJar : add ipddr
2024-05-22 15:20:04,241 [INFO] IPUIPlugin:80 - create IPUIPlugin
2024-05-22 15:20:04,241 [INFO] PluginManager:220 - loadIPPluginJar : add linkedlist
2024-05-22 15:20:04,360 [INFO] IPUIPlugin:80 - create IPUIPlugin
2024-05-22 15:20:04,361 [INFO] PluginManager:220 - loadIPPluginJar : add lorawan
2024-05-22 15:20:04,466 [INFO] IPUIPlugin:80 - create IPUIPlugin
2024-05-22 15:20:04,468 [INFO] PluginManager:220 - loadIPPluginJar : add ltdc
2024-05-22 15:20:04,511 [INFO] IPUIPlugin:80 - create IPUIPlugin
2024-05-22 15:20:04,511 [INFO] PluginManager:220 - loadIPPluginJar : add mdma
2024-05-22 15:20:04,541 [INFO] IPUIPlugin:80 - create IPUIPlugin
2024-05-22 15:20:04,541 [INFO] PluginManager:220 - loadIPPluginJar : add nvic
2024-05-22 15:20:04,632 [INFO] IPUIPlugin:80 - create IPUIPlugin
2024-05-22 15:20:04,632 [INFO] PluginManager:220 - loadIPPluginJar : add opamp
2024-05-22 15:20:04,815 [INFO] IPUIPlugin:80 - create IPUIPlugin
2024-05-22 15:20:04,815 [INFO] PluginManager:220 - loadIPPluginJar : add openamp
2024-05-22 15:20:04,941 [INFO] IPUIPlugin:80 - create IPUIPlugin
2024-05-22 15:20:04,942 [INFO] PluginManager:220 - loadIPPluginJar : add pdm2pcm
2024-05-22 15:20:04,969 [INFO] IPUIPlugin:80 - create IPUIPlugin
2024-05-22 15:20:04,975 [INFO] PluginManager:220 - loadIPPluginJar : add plateformsettings
2024-05-22 15:20:05,019 [INFO] IPUIPlugin:80 - create IPUIPlugin
2024-05-22 15:20:05,019 [INFO] PluginManager:220 - loadIPPluginJar : add quadspi
2024-05-22 15:20:05,054 [INFO] IPUIPlugin:80 - create IPUIPlugin
2024-05-22 15:20:05,054 [INFO] PluginManager:220 - loadIPPluginJar : add resmgrutility
2024-05-22 15:20:05,149 [INFO] ThirdPartyUpdaterWithRetryManager:70 - Updater plugin not ready yet. [3/15]
2024-05-22 15:20:05,223 [INFO] IPUIPlugin:80 - create IPUIPlugin
2024-05-22 15:20:05,223 [INFO] PluginManager:220 - loadIPPluginJar : add sai
2024-05-22 15:20:05,357 [INFO] IPUIPlugin:80 - create IPUIPlugin
2024-05-22 15:20:05,358 [INFO] PluginManager:220 - loadIPPluginJar : add spi
2024-05-22 15:20:05,681 [INFO] IPUIPlugin:80 - create IPUIPlugin
2024-05-22 15:20:05,681 [INFO] PluginManager:220 - loadIPPluginJar : add stm32_wpan
2024-05-22 15:20:05,742 [INFO] IPUIPlugin:80 - create IPUIPlugin
2024-05-22 15:20:05,742 [INFO] PluginManager:220 - loadIPPluginJar : add tim
2024-05-22 15:20:05,952 [INFO] IPUIPlugin:80 - create IPUIPlugin
2024-05-22 15:20:05,952 [INFO] PluginManager:220 - loadIPPluginJar : add touchsensing
2024-05-22 15:20:06,007 [INFO] IPUIPlugin:80 - create IPUIPlugin
2024-05-22 15:20:06,008 [INFO] PluginManager:220 - loadIPPluginJar : add tracer_emb
2024-05-22 15:20:06,072 [INFO] IPUIPlugin:80 - create IPUIPlugin
2024-05-22 15:20:06,072 [INFO] PluginManager:220 - loadIPPluginJar : add ts
2024-05-22 15:20:06,143 [INFO] IPUIPlugin:80 - create IPUIPlugin
2024-05-22 15:20:06,144 [INFO] PluginManager:220 - loadIPPluginJar : add tsc
2024-05-22 15:20:06,212 [INFO] IPUIPlugin:80 - create IPUIPlugin
2024-05-22 15:20:06,212 [INFO] PluginManager:220 - loadIPPluginJar : add ucpd
2024-05-22 15:20:06,352 [INFO] IPUIPlugin:80 - create IPUIPlugin
2024-05-22 15:20:06,354 [INFO] PluginManager:220 - loadIPPluginJar : add usart
2024-05-22 15:20:06,512 [INFO] IPUIPlugin:80 - create IPUIPlugin
2024-05-22 15:20:06,513 [INFO] PluginManager:220 - loadIPPluginJar : add usbx
2024-05-22 15:20:06,767 [INFO] CADModel:165 - CPN selected for project level
2024-05-22 15:20:06,767 [INFO] CADModel:114 - Register for checkConnection events
2024-05-22 15:20:06,768 [FATAL] Updater:308 - Updater called before beeing initialized
2024-05-22 15:20:06,768 [ERROR] CADModel:125 - Updater not yet initialized, retry later 
2024-05-22 15:20:07,216 [INFO] CADModel:165 - CPN selected for project level
2024-05-22 15:20:07,216 [INFO] CADModel:114 - Register for checkConnection events
2024-05-22 15:20:07,217 [FATAL] Updater:308 - Updater called before beeing initialized
2024-05-22 15:20:07,217 [ERROR] CADModel:125 - Updater not yet initialized, retry later 
2024-05-22 15:20:07,229 [FATAL] Updater:308 - Updater called before beeing initialized
2024-05-22 15:20:07,531 [FATAL] Updater:308 - Updater called before beeing initialized
2024-05-22 15:20:07,563 [INFO] DbMcusAds:53 - JSON generation date=Thu May 02 15:37:29 ICT 2024 (1714639049318)
2024-05-22 15:20:07,563 [FATAL] Updater:308 - Updater called before beeing initialized
2024-05-22 15:20:07,680 [WARN] DetailPanel:346 - Failed to get advertising image, set to default
2024-05-22 15:20:07,981 [FATAL] Updater:308 - Updater called before beeing initialized
2024-05-22 15:20:07,987 [FATAL] Updater:308 - Updater called before beeing initialized
2024-05-22 15:20:07,987 [FATAL] Updater:308 - Updater called before beeing initialized
2024-05-22 15:20:07,988 [WARN] DetailPanel:346 - Failed to get advertising image, set to default
2024-05-22 15:20:07,990 [FATAL] Updater:308 - Updater called before beeing initialized
2024-05-22 15:20:08,145 [ERROR] Updater:1120 - MainUpdater not yet initialized. External WinMGr cannot be set.
2024-05-22 15:20:08,151 [INFO] ThirdPartyUpdaterWithRetryManager:70 - Updater plugin not ready yet. [4/15]
2024-05-22 15:20:08,165 [INFO] Updater:1056 - Updater Version found : 6.11.1
2024-05-22 15:20:08,225 [INFO] ApplicationProperties:184 - Using Application install path: C:\ST\STM32CubeIDE_1.13.2\STM32CubeIDE\plugins\com.st.stm32cube.common.mx_6.11.1.202404110753
2024-05-22 15:20:09,841 [ERROR] LogOutputStream:75 - [STDERR_REDIRECT] May 22, 2024 3:20:09 PM java.util.prefs.WindowsPreferences <init>
2024-05-22 15:20:09,847 [ERROR] LogOutputStream:75 - [STDERR_REDIRECT] WARNING: Could not open/create prefs root node Software\JavaSoft\Prefs at root 0xffffffff80000002. Windows RegCreateKeyEx(...) returned error code 5.
2024-05-22 15:20:09,848 [ERROR] LogOutputStream:75 - [STDERR_REDIRECT] 
2024-05-22 15:20:11,153 [FATAL] Updater:308 - Updater called before beeing initialized
2024-05-22 15:20:11,154 [ERROR] IntegrityCheckThread:130 - Cannot retrieve database content from updater: error 21
2024-05-22 15:20:11,155 [INFO] ThirdParty:978 - Integrity check success = false
2024-05-22 15:20:11,156 [INFO] IntegrityCheckThread:100 - exiting critical section [integrity check]
2024-05-22 15:20:11,156 [INFO] IntegrityCheckThread:103 - End integrity checks thread
2024-05-22 15:20:11,904 [INFO] MainUpdater:2873 - connection check result : 10
2024-05-22 15:20:11,907 [INFO] MainUpdater:290 - Updater Check For Update Now.
2024-05-22 15:20:11,907 [INFO] MicroXplorer:498 - Change Database Version : DB.6.0.111
2024-05-22 15:20:11,957 [INFO] McuFinderGlobals:63 - Set McuFinder mode to 2 (CubeIDE integrated)
2024-05-22 15:20:11,989 [INFO] UserAuth:415 - Internet connection configuration mode: 1
2024-05-22 15:20:12,036 [INFO] JxBrowserEngine:152 - Initiate JxBrowser Engine with user profile folder
2024-05-22 15:20:12,293 [INFO] CheckServerUpdateThread:120 - End of CheckServer Thread
2024-05-22 15:20:26,209 [INFO] WebApp:161 - Instantiating new browser for Auth
2024-05-22 15:20:27,791 [INFO] WebApp:779 - Register for checkConnection events
2024-05-22 15:20:27,792 [INFO] WebApp:414 - Apply proxy settings
2024-05-22 15:20:27,792 [INFO] WebApp:499 - Chromium requires no authentication
2024-05-22 15:20:27,815 [INFO] WebApp:442 - Direct internet connection detected
2024-05-22 15:20:28,341 [INFO] WebApp:192 - Starting web application
2024-05-22 15:20:28,342 [INFO] WebApp:544 - Web application path used C:\ST\STM32CubeIDE_1.13.2\STM32CubeIDE\plugins\com.st.stm32cube.common.mx_6.11.1.202404110753\db\plugins\mcufinder\reactClient1\index.html
