2024-05-25 20:18:45,840 [INFO] Activator:176 - 


2024-05-25 20:18:45,854 [INFO] Activator:177 - !SESSION log4j initialized
2024-05-25 20:19:07,200 [INFO] LogOutputStream:77 - [STDOUT_REDIRECT] 
2024-05-25 20:19:30,907 [INFO] ApplicationProperties:184 - Using Application install path: C:\ST\STM32CubeIDE_1.13.2\STM32CubeIDE\plugins\com.st.stm32cube.common.mx_6.11.1.202404110753
2024-05-25 20:19:30,970 [INFO] DbMcusXml:78 - Set database path to: C:\ST\STM32CubeIDE_1.13.2\STM32CubeIDE\plugins\com.st.stm32cube.common.mx_6.11.1.202404110753\\db\/mcu/
2024-05-25 20:19:30,970 [INFO] ApiDb:274 - Set plugin database path to: C:\ST\STM32CubeIDE_1.13.2\STM32CubeIDE\plugins\com.st.stm32cube.common.mx_6.11.1.202404110753\\db\/plugins/boardmanager/
2024-05-25 20:19:30,986 [WARN] ApiDb:259 - Overriding images path with different value:  => C:\ST\STM32CubeIDE_1.13.2\STM32CubeIDE\plugins\com.st.stm32cube.common.mx_6.11.1.202404110753\\db\/plugins/mcufinder/images/
2024-05-25 20:19:31,018 [INFO] ApiDb:250 - Set database path to: C:\Users\ppreawsr\.stmcufinder\plugins\mcufinder//mcu/
2024-05-25 20:19:31,018 [INFO] DbMcusAds:125 - Set database path to: C:\Users\ppreawsr\.stmcufinder\plugins\mcufinder//mcu/
2024-05-25 20:19:33,283 [INFO] CrossReferenceDbSqlite:203 - Set database path to: C:\Users\ppreawsr\.stmcufinder\plugins\mcufinder//mcu/cs/
2024-05-25 20:19:33,740 [INFO] RulesReader:64 - Compatibility file has been processed (297 Rules)
2024-05-25 20:19:34,023 [INFO] DbMcusXml:78 - Set database path to: C:\ST\STM32CubeIDE_1.13.2\STM32CubeIDE\plugins\com.st.stm32cube.common.mx_6.11.1.202404110753\\db\/mcu/
2024-05-25 20:19:34,023 [INFO] ApiDb:274 - Set plugin database path to: C:\ST\STM32CubeIDE_1.13.2\STM32CubeIDE\plugins\com.st.stm32cube.common.mx_6.11.1.202404110753\\db\/plugins/boardmanager/
2024-05-25 20:19:34,023 [INFO] ApiDb:261 - Set plugin images path to: C:\ST\STM32CubeIDE_1.13.2\STM32CubeIDE\plugins\com.st.stm32cube.common.mx_6.11.1.202404110753\\db\/plugins/mcufinder/images/
2024-05-25 20:19:34,023 [WARN] DbFile:41 - Overriding database path with different value: C:\Users\ppreawsr\.stmcufinder\plugins\mcufinder/ => C:\Users\ppreawsr\.stmcufinder\plugins\mcufinder
2024-05-25 20:19:34,023 [INFO] ApiDb:250 - Set database path to: C:\Users\ppreawsr\.stmcufinder\plugins\mcufinder//mcu/
2024-05-25 20:19:34,023 [WARN] DbFile:41 - Overriding database path with different value: C:\Users\ppreawsr\.stmcufinder\plugins\mcufinder/ => C:\Users\ppreawsr\.stmcufinder\plugins\mcufinder
2024-05-25 20:19:34,023 [INFO] DbMcusAds:125 - Set database path to: C:\Users\ppreawsr\.stmcufinder\plugins\mcufinder//mcu/
2024-05-25 20:19:34,023 [WARN] DbFile:41 - Overriding database path with different value: C:\Users\ppreawsr\.stmcufinder\plugins\mcufinder/ => C:\Users\ppreawsr\.stmcufinder\plugins\mcufinder
2024-05-25 20:19:34,023 [WARN] DbFile:41 - Overriding database path with different value: C:\Users\ppreawsr\.stmcufinder\plugins\mcufinder/ => C:\Users\ppreawsr\.stmcufinder\plugins\mcufinder
2024-05-25 20:19:34,023 [INFO] CrossReferenceDbSqlite:203 - Set database path to: C:\Users\ppreawsr\.stmcufinder\plugins\mcufinder//mcu/cs/
2024-05-25 20:19:34,263 [INFO] MainPanel:264 - HeapMemory: 268435456
2024-05-25 20:19:34,593 [INFO] DbMcusXml:78 - Set database path to: C:\ST\STM32CubeIDE_1.13.2\STM32CubeIDE\plugins\com.st.stm32cube.common.mx_6.11.1.202404110753\\db\/mcu/
2024-05-25 20:19:34,593 [INFO] ApiDb:274 - Set plugin database path to: C:\ST\STM32CubeIDE_1.13.2\STM32CubeIDE\plugins\com.st.stm32cube.common.mx_6.11.1.202404110753\\db\/plugins/boardmanager/
2024-05-25 20:19:34,593 [INFO] ApiDb:261 - Set plugin images path to: C:\ST\STM32CubeIDE_1.13.2\STM32CubeIDE\plugins\com.st.stm32cube.common.mx_6.11.1.202404110753\\db\/plugins/mcufinder/images/
2024-05-25 20:19:34,609 [WARN] DbFile:41 - Overriding database path with different value: C:\Users\ppreawsr\.stmcufinder\plugins\mcufinder/ => C:\Users\ppreawsr\.stmcufinder\plugins\mcufinder
2024-05-25 20:19:34,609 [INFO] ApiDb:250 - Set database path to: C:\Users\ppreawsr\.stmcufinder\plugins\mcufinder//mcu/
2024-05-25 20:19:34,609 [WARN] DbFile:41 - Overriding database path with different value: C:\Users\ppreawsr\.stmcufinder\plugins\mcufinder/ => C:\Users\ppreawsr\.stmcufinder\plugins\mcufinder
2024-05-25 20:19:34,609 [INFO] DbMcusAds:125 - Set database path to: C:\Users\ppreawsr\.stmcufinder\plugins\mcufinder//mcu/
2024-05-25 20:19:34,609 [WARN] DbFile:41 - Overriding database path with different value: C:\Users\ppreawsr\.stmcufinder\plugins\mcufinder/ => C:\Users\ppreawsr\.stmcufinder\plugins\mcufinder
2024-05-25 20:19:34,609 [WARN] DbFile:41 - Overriding database path with different value: C:\Users\ppreawsr\.stmcufinder\plugins\mcufinder/ => C:\Users\ppreawsr\.stmcufinder\plugins\mcufinder
2024-05-25 20:19:34,609 [INFO] CrossReferenceDbSqlite:203 - Set database path to: C:\Users\ppreawsr\.stmcufinder\plugins\mcufinder//mcu/cs/
2024-05-25 20:19:34,657 [INFO] ApplicationProperties:184 - Using Application install path: C:\ST\STM32CubeIDE_1.13.2\STM32CubeIDE\plugins\com.st.stm32cube.common.mx_6.11.1.202404110753
2024-05-25 20:19:34,673 [INFO] PluginManage:196 - Search for loadable plugins [exclusion list=, ]
2024-05-25 20:19:34,673 [INFO] PluginManage:310 - Check plugin analytics
2024-05-25 20:19:35,236 [INFO] AnalyticsPlugin:253 - Accepted Software Licenses: 
2024-05-25 20:19:35,236 [INFO] AnalyticsPlugin:255 - Accepted CMSIS Pack Licenses: ARM.CMSIS-DSP.1.15.0,ARM.CMSIS.6.0.0,ITTIA_DB.I-CUBE-ITTIADB.8.8.0
2024-05-25 20:19:35,236 [INFO] AnalyticsPlugin:257 - Accepted Firmware Licenses: FW.G4.1.5.0
2024-05-25 20:19:35,236 [INFO] PluginManage:359 - Loaded plugin analytics (category:tool,tabindex:-1)
2024-05-25 20:19:35,252 [INFO] PluginManage:310 - Check plugin cadmodel
2024-05-25 20:19:35,268 [INFO] CADModel:105 - Init CAD model plugin
2024-05-25 20:19:35,268 [INFO] PluginManage:359 - Loaded plugin cadmodel (category:power,tabindex:5)
2024-05-25 20:19:35,268 [INFO] PluginManage:310 - Check plugin clock
2024-05-25 20:19:35,323 [INFO] PluginManage:359 - Loaded plugin clock (category:base,tabindex:2)
2024-05-25 20:19:35,323 [INFO] PluginManage:310 - Check plugin ddr
2024-05-25 20:19:35,329 [INFO] PluginManage:359 - Loaded plugin ddr (category:tool,tabindex:6)
2024-05-25 20:19:35,329 [INFO] PluginManage:310 - Check plugin filemanager
2024-05-25 20:19:35,812 [INFO] PluginManage:359 - Loaded plugin filemanager (category:base,tabindex:10)
2024-05-25 20:19:35,812 [INFO] PluginManage:310 - Check plugin ipmanager
2024-05-25 20:19:35,836 [INFO] PluginManage:359 - Loaded plugin ipmanager (category:base,tabindex:5)
2024-05-25 20:19:35,836 [INFO] PluginManage:310 - Check plugin lpbam
2024-05-25 20:19:35,892 [INFO] PluginManage:359 - Loaded plugin lpbam (category:base,tabindex:0)
2024-05-25 20:19:35,892 [INFO] PluginManage:310 - Check plugin memorymap
2024-05-25 20:19:35,955 [INFO] PluginManage:359 - Loaded plugin memorymap (category:base,tabindex:4)
2024-05-25 20:19:35,955 [INFO] PluginManage:310 - Check plugin pinoutandconfiguration
2024-05-25 20:19:36,002 [INFO] PluginManage:359 - Loaded plugin pinoutandconfiguration (category:base,tabindex:1)
2024-05-25 20:19:36,002 [INFO] PluginManage:310 - Check plugin pinoutconfig
2024-05-25 20:19:36,357 [WARN] SupportedApi:132 - Cannot load RTOS API schema: s4s-elt-must-match.1: The content of 'definitions' must match (annotation?, (simpleType | complexType)?, (unique | key | keyref)*)). A problem was found starting at: attribute.
2024-05-25 20:19:36,832 [INFO] PluginManage:359 - Loaded plugin pinoutconfig (category:base,tabindex:0)
2024-05-25 20:19:36,832 [INFO] PluginManage:310 - Check plugin power
2024-05-25 20:19:36,885 [INFO] PluginManage:359 - Loaded plugin power (category:power,tabindex:4)
2024-05-25 20:19:36,885 [INFO] PluginManage:310 - Check plugin projectmanager
2024-05-25 20:19:36,934 [INFO] PluginManage:359 - Loaded plugin projectmanager (category:projectmanager,tabindex:3)
2024-05-25 20:19:36,934 [INFO] PluginManage:310 - Check plugin thirdparty
2024-05-25 20:19:37,665 [INFO] PluginManage:359 - Loaded plugin thirdparty (category:base,tabindex:-1)
2024-05-25 20:19:37,665 [WARN] IntegrityCheckThread:84 - waiting for thirdparty lock release [integrity check]
2024-05-25 20:19:37,665 [INFO] PluginManage:310 - Check plugin tools
2024-05-25 20:19:37,665 [INFO] IntegrityCheckThread:86 - entering critical section [integrity check]
2024-05-25 20:19:37,665 [INFO] ThirdPartyUpdaterWithRetryManager:70 - Updater plugin not ready yet. [1/15]
2024-05-25 20:19:37,724 [INFO] PluginManage:359 - Loaded plugin tools (category:base,tabindex:7)
2024-05-25 20:19:37,724 [INFO] PluginManage:310 - Check plugin tutovideos
2024-05-25 20:19:38,390 [INFO] PluginManage:359 - Loaded plugin tutovideos (category:base,tabindex:-1)
2024-05-25 20:19:38,406 [INFO] PluginManage:310 - Check plugin updater
2024-05-25 20:19:38,439 [INFO] PluginManage:359 - Loaded plugin updater (category:base,tabindex:12)
2024-05-25 20:19:38,439 [INFO] PluginManage:310 - Check plugin userauth
2024-05-25 20:19:38,453 [INFO] UserAuth:114 - Init User Auth plugin
2024-05-25 20:19:38,453 [INFO] PluginManage:359 - Loaded plugin userauth (category:base,tabindex:14)
2024-05-25 20:19:38,453 [INFO] PluginManage:283 - PluginManage : Loaded plugins [17]
2024-05-25 20:19:39,203 [INFO] PinOutPanel:1561 - setPackage(No Configuration,No Configuration)
2024-05-25 20:19:39,457 [INFO] CADModel:165 - CPN selected for project level
2024-05-25 20:19:39,457 [INFO] CADModel:114 - Register for checkConnection events
2024-05-25 20:19:39,540 [INFO] IPUIPlugin:80 - create IPUIPlugin
2024-05-25 20:19:39,540 [INFO] PluginManager:220 - loadIPPluginJar : add adc
2024-05-25 20:19:39,625 [INFO] IPUIPlugin:80 - create IPUIPlugin
2024-05-25 20:19:39,625 [INFO] PluginManager:220 - loadIPPluginJar : add aes
2024-05-25 20:19:39,813 [INFO] IPUIPlugin:80 - create IPUIPlugin
2024-05-25 20:19:39,813 [INFO] PluginManager:220 - loadIPPluginJar : add can
2024-05-25 20:19:39,909 [INFO] IPUIPlugin:80 - create IPUIPlugin
2024-05-25 20:19:39,909 [INFO] PluginManager:220 - loadIPPluginJar : add comp
2024-05-25 20:19:40,033 [INFO] IPUIPlugin:80 - create IPUIPlugin
2024-05-25 20:19:40,033 [INFO] PluginManager:220 - loadIPPluginJar : add cryp
2024-05-25 20:19:40,232 [INFO] IPUIPlugin:80 - create IPUIPlugin
2024-05-25 20:19:40,232 [INFO] PluginManager:220 - loadIPPluginJar : add dfsdm
2024-05-25 20:19:40,263 [INFO] IPUIPlugin:80 - create IPUIPlugin
2024-05-25 20:19:40,279 [INFO] PluginManager:220 - loadIPPluginJar : add dma
2024-05-25 20:19:40,454 [INFO] IPUIPlugin:80 - create IPUIPlugin
2024-05-25 20:19:40,454 [INFO] PluginManager:220 - loadIPPluginJar : add dma3
2024-05-25 20:19:40,548 [INFO] IPUIPlugin:80 - create IPUIPlugin
2024-05-25 20:19:40,548 [INFO] PluginManager:220 - loadIPPluginJar : add extmemmanager
2024-05-25 20:19:40,635 [INFO] IPUIPlugin:80 - create IPUIPlugin
2024-05-25 20:19:40,635 [INFO] PluginManager:220 - loadIPPluginJar : add fatfs
2024-05-25 20:19:40,675 [INFO] ThirdPartyUpdaterWithRetryManager:70 - Updater plugin not ready yet. [2/15]
2024-05-25 20:19:40,831 [INFO] IPUIPlugin:80 - create IPUIPlugin
2024-05-25 20:19:40,831 [INFO] PluginManager:220 - loadIPPluginJar : add fmc
2024-05-25 20:19:40,894 [INFO] IPUIPlugin:80 - create IPUIPlugin
2024-05-25 20:19:40,894 [INFO] PluginManager:220 - loadIPPluginJar : add freertos
2024-05-25 20:19:40,973 [INFO] IPUIPlugin:80 - create IPUIPlugin
2024-05-25 20:19:40,973 [INFO] PluginManager:220 - loadIPPluginJar : add genericplugin
2024-05-25 20:19:41,273 [INFO] IPUIPlugin:80 - create IPUIPlugin
2024-05-25 20:19:41,273 [INFO] PluginManager:220 - loadIPPluginJar : add gfxmmu
2024-05-25 20:19:41,821 [INFO] IPUIPlugin:80 - create IPUIPlugin
2024-05-25 20:19:41,821 [INFO] PluginManager:220 - loadIPPluginJar : add gic
2024-05-25 20:19:41,853 [INFO] IPUIPlugin:80 - create IPUIPlugin
2024-05-25 20:19:41,853 [INFO] PluginManager:220 - loadIPPluginJar : add gpio
2024-05-25 20:19:42,185 [INFO] IPUIPlugin:80 - create IPUIPlugin
2024-05-25 20:19:42,185 [INFO] PluginManager:220 - loadIPPluginJar : add gtzc
2024-05-25 20:19:42,287 [INFO] IPUIPlugin:80 - create IPUIPlugin
2024-05-25 20:19:42,287 [INFO] PluginManager:220 - loadIPPluginJar : add hash
2024-05-25 20:19:42,506 [INFO] IPUIPlugin:80 - create IPUIPlugin
2024-05-25 20:19:42,506 [INFO] PluginManager:220 - loadIPPluginJar : add i2c
2024-05-25 20:19:42,616 [INFO] IPUIPlugin:80 - create IPUIPlugin
2024-05-25 20:19:42,616 [INFO] PluginManager:220 - loadIPPluginJar : add i2s
2024-05-25 20:19:42,773 [INFO] IPUIPlugin:80 - create IPUIPlugin
2024-05-25 20:19:42,773 [INFO] PluginManager:220 - loadIPPluginJar : add i3c
2024-05-25 20:19:43,008 [INFO] IPUIPlugin:80 - create IPUIPlugin
2024-05-25 20:19:43,008 [INFO] PluginManager:220 - loadIPPluginJar : add ipddr
2024-05-25 20:19:43,338 [INFO] IPUIPlugin:80 - create IPUIPlugin
2024-05-25 20:19:43,338 [INFO] PluginManager:220 - loadIPPluginJar : add linkedlist
2024-05-25 20:19:43,416 [INFO] IPUIPlugin:80 - create IPUIPlugin
2024-05-25 20:19:43,416 [INFO] PluginManager:220 - loadIPPluginJar : add lorawan
2024-05-25 20:19:43,557 [INFO] IPUIPlugin:80 - create IPUIPlugin
2024-05-25 20:19:43,557 [INFO] PluginManager:220 - loadIPPluginJar : add ltdc
2024-05-25 20:19:43,604 [INFO] IPUIPlugin:80 - create IPUIPlugin
2024-05-25 20:19:43,604 [INFO] PluginManager:220 - loadIPPluginJar : add mdma
2024-05-25 20:19:43,635 [INFO] IPUIPlugin:80 - create IPUIPlugin
2024-05-25 20:19:43,635 [INFO] PluginManager:220 - loadIPPluginJar : add nvic
2024-05-25 20:19:43,682 [INFO] ThirdPartyUpdaterWithRetryManager:70 - Updater plugin not ready yet. [3/15]
2024-05-25 20:19:43,779 [INFO] IPUIPlugin:80 - create IPUIPlugin
2024-05-25 20:19:43,779 [INFO] PluginManager:220 - loadIPPluginJar : add opamp
2024-05-25 20:19:44,043 [INFO] IPUIPlugin:80 - create IPUIPlugin
2024-05-25 20:19:44,043 [INFO] PluginManager:220 - loadIPPluginJar : add openamp
2024-05-25 20:19:44,199 [INFO] IPUIPlugin:80 - create IPUIPlugin
2024-05-25 20:19:44,199 [INFO] PluginManager:220 - loadIPPluginJar : add pdm2pcm
2024-05-25 20:19:44,246 [INFO] IPUIPlugin:80 - create IPUIPlugin
2024-05-25 20:19:44,246 [INFO] PluginManager:220 - loadIPPluginJar : add plateformsettings
2024-05-25 20:19:44,324 [INFO] IPUIPlugin:80 - create IPUIPlugin
2024-05-25 20:19:44,324 [INFO] PluginManager:220 - loadIPPluginJar : add quadspi
2024-05-25 20:19:44,356 [INFO] IPUIPlugin:80 - create IPUIPlugin
2024-05-25 20:19:44,356 [INFO] PluginManager:220 - loadIPPluginJar : add resmgrutility
2024-05-25 20:19:44,528 [INFO] IPUIPlugin:80 - create IPUIPlugin
2024-05-25 20:19:44,528 [INFO] PluginManager:220 - loadIPPluginJar : add sai
2024-05-25 20:19:44,669 [INFO] IPUIPlugin:80 - create IPUIPlugin
2024-05-25 20:19:44,669 [INFO] PluginManager:220 - loadIPPluginJar : add spi
2024-05-25 20:19:44,939 [INFO] IPUIPlugin:80 - create IPUIPlugin
2024-05-25 20:19:44,939 [INFO] PluginManager:220 - loadIPPluginJar : add stm32_wpan
2024-05-25 20:19:45,017 [INFO] IPUIPlugin:80 - create IPUIPlugin
2024-05-25 20:19:45,017 [INFO] PluginManager:220 - loadIPPluginJar : add tim
2024-05-25 20:19:45,223 [INFO] IPUIPlugin:80 - create IPUIPlugin
2024-05-25 20:19:45,239 [INFO] PluginManager:220 - loadIPPluginJar : add touchsensing
2024-05-25 20:19:45,301 [INFO] IPUIPlugin:80 - create IPUIPlugin
2024-05-25 20:19:45,301 [INFO] PluginManager:220 - loadIPPluginJar : add tracer_emb
2024-05-25 20:19:45,380 [INFO] IPUIPlugin:80 - create IPUIPlugin
2024-05-25 20:19:45,380 [INFO] PluginManager:220 - loadIPPluginJar : add ts
2024-05-25 20:19:45,452 [INFO] IPUIPlugin:80 - create IPUIPlugin
2024-05-25 20:19:45,452 [INFO] PluginManager:220 - loadIPPluginJar : add tsc
2024-05-25 20:19:45,530 [INFO] IPUIPlugin:80 - create IPUIPlugin
2024-05-25 20:19:45,530 [INFO] PluginManager:220 - loadIPPluginJar : add ucpd
2024-05-25 20:19:45,703 [INFO] IPUIPlugin:80 - create IPUIPlugin
2024-05-25 20:19:45,703 [INFO] PluginManager:220 - loadIPPluginJar : add usart
2024-05-25 20:19:45,860 [INFO] IPUIPlugin:80 - create IPUIPlugin
2024-05-25 20:19:45,860 [INFO] PluginManager:220 - loadIPPluginJar : add usbx
2024-05-25 20:19:46,147 [INFO] CADModel:165 - CPN selected for project level
2024-05-25 20:19:46,147 [INFO] CADModel:114 - Register for checkConnection events
2024-05-25 20:19:46,147 [FATAL] Updater:308 - Updater called before beeing initialized
2024-05-25 20:19:46,147 [ERROR] CADModel:125 - Updater not yet initialized, retry later 
2024-05-25 20:19:46,621 [INFO] CADModel:165 - CPN selected for project level
2024-05-25 20:19:46,621 [INFO] CADModel:114 - Register for checkConnection events
2024-05-25 20:19:46,636 [FATAL] Updater:308 - Updater called before beeing initialized
2024-05-25 20:19:46,636 [ERROR] CADModel:125 - Updater not yet initialized, retry later 
2024-05-25 20:19:46,636 [FATAL] Updater:308 - Updater called before beeing initialized
2024-05-25 20:19:46,683 [INFO] ThirdPartyUpdaterWithRetryManager:70 - Updater plugin not ready yet. [4/15]
2024-05-25 20:19:47,016 [FATAL] Updater:308 - Updater called before beeing initialized
2024-05-25 20:19:47,094 [INFO] DbMcusAds:53 - JSON generation date=Thu May 16 16:22:00 ICT 2024 (1715851320852)
2024-05-25 20:19:47,094 [FATAL] Updater:308 - Updater called before beeing initialized
2024-05-25 20:19:47,235 [WARN] DetailPanel:346 - Failed to get advertising image, set to default
2024-05-25 20:19:47,638 [FATAL] Updater:308 - Updater called before beeing initialized
2024-05-25 20:19:47,653 [FATAL] Updater:308 - Updater called before beeing initialized
2024-05-25 20:19:47,653 [FATAL] Updater:308 - Updater called before beeing initialized
2024-05-25 20:19:47,653 [WARN] DetailPanel:346 - Failed to get advertising image, set to default
2024-05-25 20:19:47,653 [FATAL] Updater:308 - Updater called before beeing initialized
2024-05-25 20:19:47,857 [ERROR] Updater:1120 - MainUpdater not yet initialized. External WinMGr cannot be set.
2024-05-25 20:19:47,889 [INFO] Updater:1056 - Updater Version found : 6.11.1
2024-05-25 20:19:47,952 [INFO] ApplicationProperties:184 - Using Application install path: C:\ST\STM32CubeIDE_1.13.2\STM32CubeIDE\plugins\com.st.stm32cube.common.mx_6.11.1.202404110753
2024-05-25 20:19:49,639 [ERROR] LogOutputStream:75 - [STDERR_REDIRECT] May 25, 2024 8:19:49 PM java.util.prefs.WindowsPreferences <init>
2024-05-25 20:19:49,639 [ERROR] LogOutputStream:75 - [STDERR_REDIRECT] WARNING: Could not open/create prefs root node Software\JavaSoft\Prefs at root 0xffffffff80000002. Windows RegCreateKeyEx(...) returned error code 5.
2024-05-25 20:19:49,639 [ERROR] LogOutputStream:75 - [STDERR_REDIRECT] 
2024-05-25 20:19:49,686 [FATAL] Updater:308 - Updater called before beeing initialized
2024-05-25 20:19:49,686 [ERROR] IntegrityCheckThread:130 - Cannot retrieve database content from updater: error 21
2024-05-25 20:19:49,686 [INFO] ThirdParty:978 - Integrity check success = false
2024-05-25 20:19:49,686 [INFO] IntegrityCheckThread:100 - exiting critical section [integrity check]
2024-05-25 20:19:49,686 [INFO] IntegrityCheckThread:103 - End integrity checks thread
2024-05-25 20:19:51,353 [INFO] MainUpdater:2873 - connection check result : 10
2024-05-25 20:19:51,353 [INFO] MainUpdater:3567 - Updater definition file requires update
2024-05-25 20:19:51,353 [INFO] MainUpdater:290 - Updater Check For Update Now.
2024-05-25 20:19:51,353 [INFO] MicroXplorer:498 - Change Database Version : DB.6.0.111
2024-05-25 20:19:51,385 [INFO] McuFinderGlobals:63 - Set McuFinder mode to 2 (CubeIDE integrated)
2024-05-25 20:19:51,417 [INFO] UserAuth:415 - Internet connection configuration mode: 1
2024-05-25 20:19:51,482 [INFO] JxBrowserEngine:152 - Initiate JxBrowser Engine with user profile folder
2024-05-25 20:19:54,037 [INFO] ServerAccessManage:473 - Download File updaters.zip
2024-05-25 20:19:54,405 [INFO] FileExtend:240 - Unzip File : updaters.zip
2024-05-25 20:19:54,405 [INFO] FileExtend:255 - Standard Zip Deflate
2024-05-25 20:19:58,682 [INFO] ServerAccessManage:473 - Download File PacksControlFlags.xml
2024-05-25 20:20:01,150 [INFO] ServerAccessManage:473 - Download File cubemx.pidx
2024-05-25 20:20:05,721 [INFO] WebApp:161 - Instantiating new browser for Auth
2024-05-25 20:20:07,230 [INFO] WebApp:779 - Register for checkConnection events
2024-05-25 20:20:07,231 [INFO] WebApp:414 - Apply proxy settings
2024-05-25 20:20:07,231 [INFO] WebApp:499 - Chromium requires no authentication
2024-05-25 20:20:07,255 [INFO] WebApp:442 - Direct internet connection detected
2024-05-25 20:20:07,860 [INFO] WebApp:192 - Starting web application
2024-05-25 20:20:07,861 [INFO] WebApp:544 - Web application path used C:\ST\STM32CubeIDE_1.13.2\STM32CubeIDE\plugins\com.st.stm32cube.common.mx_6.11.1.202404110753\db\plugins\mcufinder\reactClient1\index.html
2024-05-25 20:20:08,607 [INFO] ServerAccessManage:473 - Download File STMicroelectronics.X-CUBE-ALS.pdsc
2024-05-25 20:20:17,583 [WARN] PackLoader:240 - Cannot read IP mode file for STMicroelectronics.X-CUBE-ALS.1.0.2
2024-05-25 20:20:17,598 [INFO] PopulateThirdPartyThread:66 - Ending populate Thread
2024-05-25 20:20:17,598 [INFO] ThirdParty:1030 - CMSIS Pack Vendor :STMicroelectronics X-CUBE-ALS 1.0.2
2024-05-25 20:20:17,598 [INFO] LoadServerUpdatesThread:375 - End of LoadServerUpdate Thread
2024-05-25 20:20:17,890 [INFO] CheckServerUpdateThread:120 - End of CheckServer Thread
2024-05-25 23:16:14,310 [INFO] WebApp:354 - JxBrowser engine has been closed 
