18:08:47 **** Incremental Build of configuration Debug for project MainController ****
make -j8 all 
arm-none-eabi-gcc "../Core/Src/main.c" -mcpu=cortex-m4 -std=gnu11 -g3 -DDEBUG -DUSE_HAL_DRIVER -DSTM32G474xx -c -I../Core/Inc -I../Drivers/STM32G4xx_HAL_Driver/Inc -I../Drivers/STM32G4xx_HAL_Driver/Inc/Legacy -I../Drivers/CMSIS/Device/ST/STM32G4xx/Include -I../Drivers/CMSIS/Include -I../Middlewares/Third_Party/ARM_CMSIS/CMSIS/Core/Include/ -I../Middlewares/Third_Party/ARM_CMSIS/PrivateInclude/ -I../Middlewares/Third_Party/ARM_CMSIS/Include/ -I../Middlewares/Third_Party/ARM_CMSIS/Include -I"C:/Users/ppreawsr/OneDrive/Documents/GitHub/PP-ALL/Main-Controller-master/MainController/Source/BasicMathFunctions" -I"C:/Users/ppreawsr/OneDrive/Documents/GitHub/PP-ALL/Main-Controller-master/MainController/Source/BayesFunctions" -I"C:/Users/ppreawsr/OneDrive/Documents/GitHub/PP-ALL/Main-Controller-master/MainController/Source/CommonTables" -I"C:/Users/ppreawsr/OneDrive/Documents/GitHub/PP-ALL/Main-Controller-master/MainController/Source/ComplexMathFunctions" -I"C:/Users/ppreawsr/OneDrive/Documents/GitHub/PP-ALL/Main-Controller-master/MainController/Source/ControllerFunctions" -I"C:/Users/ppreawsr/OneDrive/Documents/GitHub/PP-ALL/Main-Controller-master/MainController/Source/DistanceFunctions" -I"C:/Users/ppreawsr/OneDrive/Documents/GitHub/PP-ALL/Main-Controller-master/MainController/Source/FastMathFunctions" -I"C:/Users/ppreawsr/OneDrive/Documents/GitHub/PP-ALL/Main-Controller-master/MainController/Source/FilteringFunctions" -I"C:/Users/ppreawsr/OneDrive/Documents/GitHub/PP-ALL/Main-Controller-master/MainController/Source/InterpolationFunctions" -I"C:/Users/ppreawsr/OneDrive/Documents/GitHub/PP-ALL/Main-Controller-master/MainController/Source/MatrixFunctions" -I"C:/Users/ppreawsr/OneDrive/Documents/GitHub/PP-ALL/Main-Controller-master/MainController/Source/QuaternionMathFunctions" -I"C:/Users/ppreawsr/OneDrive/Documents/GitHub/PP-ALL/Main-Controller-master/MainController/Source/StatisticsFunctions" -I"C:/Users/ppreawsr/OneDrive/Documents/GitHub/PP-ALL/Main-Controller-master/MainController/Source/SupportFunctions" -I"C:/Users/ppreawsr/OneDrive/Documents/GitHub/PP-ALL/Main-Controller-master/MainController/Source/SVMFunctions" -I"C:/Users/ppreawsr/OneDrive/Documents/GitHub/PP-ALL/Main-Controller-master/MainController/Source/TransformFunctions" -I"C:/Users/ppreawsr/OneDrive/Documents/GitHub/PP-ALL/Main-Controller-master/MainController/Source/WindowFunctions" -I"C:/Users/ppreawsr/OneDrive/Documents/GitHub/PP-ALL/Main-Controller-master/MainController/Source" -O0 -ffunction-sections -fdata-sections -Wall -fstack-usage -fcyclomatic-complexity -MMD -MP -MF"Core/Src/main.d" -MT"Core/Src/main.o" --specs=nano.specs -mfpu=fpv4-sp-d16 -mfloat-abi=hard -mthumb -o "Core/Src/main.o"
../Core/Src/main.c: In function 'BaseAction':
../Core/Src/main.c:904:27: warning: unused variable 'timestamp' [-Wunused-variable]
  904 |           static uint16_t timestamp = 0;
      |                           ^~~~~~~~~
In file included from ../Core/Inc/stm32g4xx_hal_conf.h:344,
                 from ../Drivers/STM32G4xx_HAL_Driver/Inc/stm32g4xx_hal.h:29,
                 from ../Core/Inc/main.h:30,
                 from ../Core/Src/main.c:20:
../Core/Src/main.c: In function 'generate_Velocity':
../Core/Src/main.c:1127:78: warning: implicit declaration of function 'abs' [-Wimplicit-function-declaration]
 1127 |                                 __HAL_TIM_SET_COMPARE(&htim1, TIM_CHANNEL_2, abs(pwmM));
      |                                                                              ^~~
../Drivers/STM32G4xx_HAL_Driver/Inc/stm32g4xx_hal_tim.h:1672:72: note: in definition of macro '__HAL_TIM_SET_COMPARE'
 1672 |   (((__CHANNEL__) == TIM_CHANNEL_1) ? ((__HANDLE__)->Instance->CCR1 = (__COMPARE__)) :\
      |                                                                        ^~~~~~~~~~~
../Core/Src/main.c:27:1: note: include '<stdlib.h>' or provide a declaration of 'abs'
   26 | #include "arm_math.h"
  +++ |+#include <stdlib.h>
   27 | #include <math.h>
arm-none-eabi-gcc -o "MainController.elf" @"objects.list"   -mcpu=cortex-m4 -T"C:\Users\ppreawsr\OneDrive\Documents\GitHub\PP-ALL\Main-Controller-master\MainController\STM32G474RETX_FLASH.ld" --specs=nosys.specs -Wl,-Map="MainController.map" -Wl,--gc-sections -static --specs=nano.specs -mfpu=fpv4-sp-d16 -mfloat-abi=hard -mthumb -Wl,--start-group -lc -lm -Wl,--end-group
C:/ST/STM32CubeIDE_1.13.2/STM32CubeIDE/plugins/com.st.stm32cube.ide.mcu.externaltools.gnu-tools-for-stm32.12.3.rel1.win32_1.0.100.202403111256/tools/bin/../lib/gcc/arm-none-eabi/12.3.1/../../../../arm-none-eabi/bin/ld.exe: warning: MainController.elf has a LOAD segment with RWX permissions
Finished building target: MainController.elf
 
arm-none-eabi-size  MainController.elf 
arm-none-eabi-objdump -h -S MainController.elf  > "MainController.list"
   text	   data	    bss	    dec	    hex	filename
  36824	    532	   5384	  42740	   a6f4	MainController.elf
Finished building: default.size.stdout
 
Finished building: MainController.list
 

18:08:50 Build Finished. 0 errors, 3 warnings. (took 3s.15ms)

